<?xml version="1.0" encoding="UTF-8"?>
<!-- Generated by org.testng.reporters.JUnitReportReporter -->
<testsuite hostname="Md-Ebrahim" failures="0" tests="4" name="me.ebrahimhossain.Batch24_Playwright_Basics.DropDownHandling" time="13.272" errors="0" timestamp="2024-09-08T12:08:59 EDT" skipped="0">
  <testcase classname="me.ebrahimhossain.Batch24_Playwright_Basics.DropDownHandling" name="openURL" time="4.169"/>
  <testcase classname="me.ebrahimhossain.Batch24_Playwright_Basics.DropDownHandling" name="selectByIndex" time="3.058"/>
  <testcase classname="me.ebrahimhossain.Batch24_Playwright_Basics.DropDownHandling" name="selectByValue" time="3.023"/>
  <testcase classname="me.ebrahimhossain.Batch24_Playwright_Basics.DropDownHandling" name="selectByVisibleText" time="3.022"/>
</testsuite> <!-- me.ebrahimhossain.Batch24_Playwright_Basics.DropDownHandling -->
