<?xml version="1.0" encoding="UTF-8"?>
<!-- Generated by org.testng.reporters.JUnitReportReporter -->
<testsuite hostname="Md-Ebrahim" failures="0" tests="1" name="me.ebrahimhossain.Batch24_Playwright_Basics.TabHandle" time="45.243" errors="0" timestamp="2024-09-14T11:42:18 EDT" skipped="0">
  <testcase classname="me.ebrahimhossain.Batch24_Playwright_Basics.TabHandle" name="createNewTab" time="45.243"/>
</testsuite> <!-- me.ebrahimhossain.Batch24_Playwright_Basics.TabHandle -->
