<?xml version="1.0" encoding="UTF-8"?>
<!-- Generated by org.testng.reporters.JUnitReportReporter -->
<testsuite hostname="Md-Ebrahim" failures="0" tests="4" name="me.ebrahimhossain.Batch24_Playwright_Basics.BrowserCommands" time="10.165" errors="0" timestamp="2024-09-08T11:49:56 EDT" skipped="0">
  <testcase classname="me.ebrahimhossain.Batch24_Playwright_Basics.BrowserCommands" name="openURL" time="4.109"/>
  <testcase classname="me.ebrahimhossain.Batch24_Playwright_Basics.BrowserCommands" name="getTtitle" time="2.013"/>
  <testcase classname="me.ebrahimhossain.Batch24_Playwright_Basics.BrowserCommands" name="getURL" time="2.006"/>
  <testcase classname="me.ebrahimhossain.Batch24_Playwright_Basics.BrowserCommands" name="getText" time="2.037"/>
</testsuite> <!-- me.ebrahimhossain.Batch24_Playwright_Basics.BrowserCommands -->
