<?xml version="1.0" encoding="UTF-8"?>
<!-- Generated by org.testng.reporters.JUnitReportReporter -->
<testsuite hostname="Md-Ebrahim" failures="0" tests="2" name="me.ebrahimhossain.Batch24_Playwright_Basics.AlertHandle" time="9.267" errors="0" timestamp="2024-09-14T11:16:28 EDT" skipped="0">
  <testcase classname="me.ebrahimhossain.Batch24_Playwright_Basics.AlertHandle" name="openURL" time="4.172"/>
  <testcase classname="me.ebrahimhossain.Batch24_Playwright_Basics.AlertHandle" name="alert" time="5.095"/>
</testsuite> <!-- me.ebrahimhossain.Batch24_Playwright_Basics.AlertHandle -->
