<?xml version="1.0" encoding="UTF-8"?>
<!-- Generated by org.testng.reporters.JUnitReportReporter -->
<testsuite hostname="Md-Ebrahim" failures="0" tests="2" name="me.ebrahimhossain.Batch24_Playwright_Basics.WebTable" time="3.414" errors="0" timestamp="2024-09-14T12:17:14 EDT" skipped="0">
  <testcase classname="me.ebrahimhossain.Batch24_Playwright_Basics.WebTable" name="openURL" time="3.295"/>
  <testcase classname="me.ebrahimhossain.Batch24_Playwright_Basics.WebTable" name="tableExample3" time="0.119"/>
</testsuite> <!-- me.ebrahimhossain.Batch24_Playwright_Basics.WebTable -->
