<?xml version="1.0" encoding="UTF-8"?>
<!-- Generated by org.testng.reporters.JUnitReportReporter -->
<testsuite hostname="Md-Ebrahim" failures="0" tests="2" name="me.ebrahimhossain.Batch24_Playwright_Basics.NavigatinCommands" time="22.231" errors="0" timestamp="2024-09-08T11:58:47 EDT" skipped="0">
  <testcase classname="me.ebrahimhossain.Batch24_Playwright_Basics.NavigatinCommands" name="openURL" time="4.947"/>
  <testcase classname="me.ebrahimhossain.Batch24_Playwright_Basics.NavigatinCommands" name="navigation" time="17.284"/>
</testsuite> <!-- me.ebrahimhossain.Batch24_Playwright_Basics.NavigatinCommands -->
