<?xml version="1.0" encoding="UTF-8"?>
<!-- Generated by org.testng.reporters.JUnitReportReporter -->
<testsuite hostname="Md-Ebrahim" failures="0" tests="4" name="me.ebrahimhossain.Batch24_Playwright_Basics.LocatorExamples" time="26.929" errors="0" timestamp="2024-09-07T12:25:48 EDT" skipped="0">
  <testcase classname="me.ebrahimhossain.Batch24_Playwright_Basics.LocatorExamples" name="openURL" time="11.782"/>
  <testcase classname="me.ebrahimhossain.Batch24_Playwright_Basics.LocatorExamples" name="locateByID" time="5.074"/>
  <testcase classname="me.ebrahimhossain.Batch24_Playwright_Basics.LocatorExamples" name="locateByName" time="5.040"/>
  <testcase classname="me.ebrahimhossain.Batch24_Playwright_Basics.LocatorExamples" name="locateByXPath" time="5.033"/>
</testsuite> <!-- me.ebrahimhossain.Batch24_Playwright_Basics.LocatorExamples -->
