<?xml version="1.0" encoding="UTF-8"?>
<!-- Generated by org.testng.reporters.JUnitReportReporter -->
<testsuite hostname="Md-Ebrahim" failures="0" tests="2" name="me.ebrahimhossain.Batch24_Playwright_Basics.PopUpHandle" time="13.473" errors="0" timestamp="2024-09-14T11:20:20 EDT" skipped="0">
  <testcase classname="me.ebrahimhossain.Batch24_Playwright_Basics.PopUpHandle" name="openURL" time="10.320"/>
  <testcase classname="me.ebrahimhossain.Batch24_Playwright_Basics.PopUpHandle" name="selectByIndex" time="3.153"/>
</testsuite> <!-- me.ebrahimhossain.Batch24_Playwright_Basics.PopUpHandle -->
