<?xml version="1.0" encoding="UTF-8"?>
<!-- Generated by org.testng.reporters.JUnitReportReporter -->
<testsuite hostname="Md-Ebrahim" failures="0" tests="3" name="me.ebrahimhossain.Batch24_Playwright_Basics.Radio_CheckBox_Examples" time="9.760" errors="0" timestamp="2024-09-08T12:02:13 EDT" skipped="0">
  <testcase classname="me.ebrahimhossain.Batch24_Playwright_Basics.Radio_CheckBox_Examples" name="openURL" time="3.631"/>
  <testcase classname="me.ebrahimhossain.Batch24_Playwright_Basics.Radio_CheckBox_Examples" name="radioButton" time="3.081"/>
  <testcase classname="me.ebrahimhossain.Batch24_Playwright_Basics.Radio_CheckBox_Examples" name="checkbox" time="3.048"/>
</testsuite> <!-- me.ebrahimhossain.Batch24_Playwright_Basics.Radio_CheckBox_Examples -->
