<?xml version="1.0" encoding="UTF-8"?>
<!-- Generated by org.testng.reporters.JUnitReportReporter -->
<testsuite hostname="Md-Ebrahim" failures="0" tests="1" name="me.ebrahimhossain.Batch24_Playwright_Basics.StartChromBrowser" time="11.955" errors="0" timestamp="2024-09-07T12:10:50 EDT" skipped="0">
  <testcase classname="me.ebrahimhossain.Batch24_Playwright_Basics.StartChromBrowser" name="openURL" time="11.955"/>
</testsuite> <!-- me.ebrahimhossain.Batch24_Playwright_Basics.StartChromBrowser -->
