<?xml version="1.0" encoding="UTF-8"?>
<!-- Generated by org.testng.reporters.JUnitReportReporter -->
<testsuite hostname="Md-Ebrahim" failures="0" tests="4" name="me.ebrahimhossain.Batch24_Playwright_Basics.ScrollHandling" time="36.654" errors="0" timestamp="2024-09-08T12:27:44 EDT" skipped="0">
  <testcase classname="me.ebrahimhossain.Batch24_Playwright_Basics.ScrollHandling" name="openURL" time="27.534"/>
  <testcase classname="me.ebrahimhossain.Batch24_Playwright_Basics.ScrollHandling" name="speficiLocator" time="3.092"/>
  <testcase classname="me.ebrahimhossain.Batch24_Playwright_Basics.ScrollHandling" name="scrollDown" time="3.016"/>
  <testcase classname="me.ebrahimhossain.Batch24_Playwright_Basics.ScrollHandling" name="scrollUp" time="3.012"/>
</testsuite> <!-- me.ebrahimhossain.Batch24_Playwright_Basics.ScrollHandling -->
