<?xml version="1.0" encoding="UTF-8"?>
<!-- Generated by org.testng.reporters.JUnitReportReporter -->
<testsuite hostname="Md-Ebrahim" failures="0" tests="1" name="me.ebrahimhossain.tests.LoginTest" time="11.445" errors="0" timestamp="2024-09-15T12:10:15 EDT" skipped="0">
  <testcase classname="me.ebrahimhossain.tests.LoginTest" name="loginWithExcelData" time="11.445"/>
</testsuite> <!-- me.ebrahimhossain.tests.LoginTest -->
