<?xml version="1.0" encoding="UTF-8"?>
<!-- Generated by org.testng.reporters.JUnitReportReporter -->
<testsuite hostname="Md-Ebrahim" failures="0" tests="1" name="me.ebrahimhossain.Batch24_Playwright_Basics.RightClick" time="6.178" errors="0" timestamp="2024-09-14T12:29:37 EDT" skipped="0">
  <testcase classname="me.ebrahimhossain.Batch24_Playwright_Basics.RightClick" name="rightClickTest" time="6.178"/>
</testsuite> <!-- me.ebrahimhossain.Batch24_Playwright_Basics.RightClick -->
