<?xml version="1.0" encoding="UTF-8"?>
<!-- Generated by org.testng.reporters.JUnitReportReporter -->
<testsuite hostname="Md-Ebrahim" failures="0" tests="2" name="me.ebrahimhossain.Batch24_Playwright_Basics.HoverExample" time="34.116" errors="0" timestamp="2024-09-08T12:21:34 EDT" skipped="0">
  <testcase classname="me.ebrahimhossain.Batch24_Playwright_Basics.HoverExample" name="openURL" time="24.905"/>
  <testcase classname="me.ebrahimhossain.Batch24_Playwright_Basics.HoverExample" name="hoverexample" time="9.211"/>
</testsuite> <!-- me.ebrahimhossain.Batch24_Playwright_Basics.HoverExample -->
