<?xml version="1.0" encoding="UTF-8"?>
<!-- Generated by org.testng.reporters.JUnitReportReporter -->
<testsuite hostname="Md-Ebrahim" failures="0" tests="1" name="me.ebrahimhossain.tests.LoginTest" time="10.556" errors="0" timestamp="2024-09-21T11:20:45 EDT" skipped="0">
  <testcase classname="me.ebrahimhossain.tests.LoginTest" name="loginTest" time="10.556"/>
</testsuite> <!-- me.ebrahimhossain.tests.LoginTest -->
